<?xml version="1.0" encoding="UTF-8"?>
<coverage generated="1755624753670" clover="3.2.0">
  <project timestamp="1755624753671" name="All files">
    <metrics statements="31" coveredstatements="26" conditionals="38" coveredconditionals="33" methods="4" coveredmethods="4" elements="73" coveredelements="63" complexity="0" loc="31" ncloc="31" packages="1" files="1" classes="1"/>
    <file name="sum.js" path="C:\Users\MATEO\Documents\AX\Pruebas\3erParcial\laboratorioGIt\sum.js">
      <metrics statements="31" coveredstatements="26" conditionals="38" coveredconditionals="33" methods="4" coveredmethods="4"/>
      <line num="3" count="3" type="cond" truecount="3" falsecount="1"/>
      <line num="4" count="0" type="stmt"/>
      <line num="7" count="3" type="stmt"/>
      <line num="8" count="3" type="stmt"/>
      <line num="10" count="3" type="stmt"/>
      <line num="11" count="4" type="cond" truecount="3" falsecount="1"/>
      <line num="12" count="0" type="stmt"/>
      <line num="14" count="4" type="cond" truecount="4" falsecount="0"/>
      <line num="15" count="1" type="stmt"/>
      <line num="17" count="3" type="cond" truecount="3" falsecount="1"/>
      <line num="18" count="0" type="stmt"/>
      <line num="20" count="3" type="stmt"/>
      <line num="21" count="3" type="stmt"/>
      <line num="24" count="2" type="cond" truecount="2" falsecount="0"/>
      <line num="25" count="1" type="stmt"/>
      <line num="28" count="1" type="stmt"/>
      <line num="33" count="5" type="cond" truecount="3" falsecount="1"/>
      <line num="34" count="0" type="stmt"/>
      <line num="36" count="5" type="cond" truecount="4" falsecount="0"/>
      <line num="37" count="1" type="stmt"/>
      <line num="39" count="4" type="cond" truecount="4" falsecount="0"/>
      <line num="40" count="1" type="stmt"/>
      <line num="42" count="10" type="cond" truecount="3" falsecount="1"/>
      <line num="43" count="0" type="stmt"/>
      <line num="46" count="7" type="stmt"/>
      <line num="47" count="3" type="stmt"/>
      <line num="49" count="3" type="cond" truecount="2" falsecount="0"/>
      <line num="50" count="2" type="cond" truecount="2" falsecount="0"/>
      <line num="52" count="1" type="stmt"/>
      <line num="53" count="1" type="stmt"/>
      <line num="56" count="1" type="stmt"/>
    </file>
  </project>
</coverage>
