{"C:\\Users\\MATEO\\Documents\\AX\\Pruebas\\3erParcial\\laboratorioGIt\\sum.js": {"path":"C:\\Users\\MATEO\\Documents\\AX\\Pruebas\\3erParcial\\laboratorioGIt\\sum.js","statementMap":{"0":{"start":{"line":3,"column":2},"end":{"line":5,"column":3}},"1":{"start":{"line":4,"column":4},"end":{"line":4,"column":59}},"2":{"start":{"line":7,"column":20},"end":{"line":7,"column":21}},"3":{"start":{"line":8,"column":19},"end":{"line":8,"column":20}},"4":{"start":{"line":10,"column":2},"end":{"line":22,"column":3}},"5":{"start":{"line":11,"column":4},"end":{"line":13,"column":5}},"6":{"start":{"line":12,"column":6},"end":{"line":12,"column":65}},"7":{"start":{"line":14,"column":4},"end":{"line":16,"column":5}},"8":{"start":{"line":15,"column":6},"end":{"line":15,"column":68}},"9":{"start":{"line":17,"column":4},"end":{"line":19,"column":5}},"10":{"start":{"line":18,"column":6},"end":{"line":18,"column":61}},"11":{"start":{"line":20,"column":4},"end":{"line":20,"column":31}},"12":{"start":{"line":21,"column":4},"end":{"line":21,"column":43}},"13":{"start":{"line":24,"column":2},"end":{"line":26,"column":3}},"14":{"start":{"line":25,"column":4},"end":{"line":25,"column":78}},"15":{"start":{"line":28,"column":2},"end":{"line":28,"column":39}},"16":{"start":{"line":33,"column":2},"end":{"line":35,"column":3}},"17":{"start":{"line":34,"column":4},"end":{"line":34,"column":68}},"18":{"start":{"line":36,"column":2},"end":{"line":38,"column":3}},"19":{"start":{"line":37,"column":4},"end":{"line":37,"column":66}},"20":{"start":{"line":39,"column":2},"end":{"line":41,"column":3}},"21":{"start":{"line":40,"column":4},"end":{"line":40,"column":74}},"22":{"start":{"line":42,"column":2},"end":{"line":44,"column":3}},"23":{"start":{"line":42,"column":23},"end":{"line":42,"column":67}},"24":{"start":{"line":43,"column":4},"end":{"line":43,"column":69}},"25":{"start":{"line":46,"column":17},"end":{"line":46,"column":50}},"26":{"start":{"line":46,"column":44},"end":{"line":46,"column":49}},"27":{"start":{"line":47,"column":12},"end":{"line":47,"column":25}},"28":{"start":{"line":49,"column":2},"end":{"line":49,"column":51}},"29":{"start":{"line":49,"column":15},"end":{"line":49,"column":51}},"30":{"start":{"line":50,"column":2},"end":{"line":50,"column":57}},"31":{"start":{"line":50,"column":17},"end":{"line":50,"column":57}},"32":{"start":{"line":52,"column":15},"end":{"line":52,"column":39}},"33":{"start":{"line":53,"column":2},"end":{"line":53,"column":45}},"34":{"start":{"line":56,"column":0},"end":{"line":56,"column":48}}},"fnMap":{"0":{"name":"calcWeightedGrade","decl":{"start":{"line":2,"column":9},"end":{"line":2,"column":26}},"loc":{"start":{"line":2,"column":34},"end":{"line":29,"column":1}},"line":2},"1":{"name":"percentile","decl":{"start":{"line":32,"column":9},"end":{"line":32,"column":19}},"loc":{"start":{"line":32,"column":31},"end":{"line":54,"column":1}},"line":32},"2":{"name":"(anonymous_2)","decl":{"start":{"line":42,"column":18},"end":{"line":42,"column":19}},"loc":{"start":{"line":42,"column":23},"end":{"line":42,"column":67}},"line":42},"3":{"name":"(anonymous_3)","decl":{"start":{"line":46,"column":34},"end":{"line":46,"column":35}},"loc":{"start":{"line":46,"column":44},"end":{"line":46,"column":49}},"line":46}},"branchMap":{"0":{"loc":{"start":{"line":3,"column":2},"end":{"line":5,"column":3}},"type":"if","locations":[{"start":{"line":3,"column":2},"end":{"line":5,"column":3}},{"start":{},"end":{}}],"line":3},"1":{"loc":{"start":{"line":3,"column":6},"end":{"line":3,"column":49}},"type":"binary-expr","locations":[{"start":{"line":3,"column":6},"end":{"line":3,"column":27}},{"start":{"line":3,"column":31},"end":{"line":3,"column":49}}],"line":3},"2":{"loc":{"start":{"line":11,"column":4},"end":{"line":13,"column":5}},"type":"if","locations":[{"start":{"line":11,"column":4},"end":{"line":13,"column":5}},{"start":{},"end":{}}],"line":11},"3":{"loc":{"start":{"line":11,"column":8},"end":{"line":11,"column":73}},"type":"binary-expr","locations":[{"start":{"line":11,"column":8},"end":{"line":11,"column":38}},{"start":{"line":11,"column":42},"end":{"line":11,"column":73}}],"line":11},"4":{"loc":{"start":{"line":14,"column":4},"end":{"line":16,"column":5}},"type":"if","locations":[{"start":{"line":14,"column":4},"end":{"line":16,"column":5}},{"start":{},"end":{}}],"line":14},"5":{"loc":{"start":{"line":14,"column":8},"end":{"line":14,"column":42}},"type":"binary-expr","locations":[{"start":{"line":14,"column":8},"end":{"line":14,"column":22}},{"start":{"line":14,"column":26},"end":{"line":14,"column":42}}],"line":14},"6":{"loc":{"start":{"line":17,"column":4},"end":{"line":19,"column":5}},"type":"if","locations":[{"start":{"line":17,"column":4},"end":{"line":19,"column":5}},{"start":{},"end":{}}],"line":17},"7":{"loc":{"start":{"line":17,"column":8},"end":{"line":17,"column":42}},"type":"binary-expr","locations":[{"start":{"line":17,"column":8},"end":{"line":17,"column":23}},{"start":{"line":17,"column":27},"end":{"line":17,"column":42}}],"line":17},"8":{"loc":{"start":{"line":24,"column":2},"end":{"line":26,"column":3}},"type":"if","locations":[{"start":{"line":24,"column":2},"end":{"line":26,"column":3}},{"start":{},"end":{}}],"line":24},"9":{"loc":{"start":{"line":33,"column":2},"end":{"line":35,"column":3}},"type":"if","locations":[{"start":{"line":33,"column":2},"end":{"line":35,"column":3}},{"start":{},"end":{}}],"line":33},"10":{"loc":{"start":{"line":33,"column":6},"end":{"line":33,"column":50}},"type":"binary-expr","locations":[{"start":{"line":33,"column":6},"end":{"line":33,"column":27}},{"start":{"line":33,"column":31},"end":{"line":33,"column":50}}],"line":33},"11":{"loc":{"start":{"line":36,"column":2},"end":{"line":38,"column":3}},"type":"if","locations":[{"start":{"line":36,"column":2},"end":{"line":38,"column":3}},{"start":{},"end":{}}],"line":36},"12":{"loc":{"start":{"line":36,"column":6},"end":{"line":36,"column":22}},"type":"binary-expr","locations":[{"start":{"line":36,"column":6},"end":{"line":36,"column":11}},{"start":{"line":36,"column":15},"end":{"line":36,"column":22}}],"line":36},"13":{"loc":{"start":{"line":39,"column":2},"end":{"line":41,"column":3}},"type":"if","locations":[{"start":{"line":39,"column":2},"end":{"line":41,"column":3}},{"start":{},"end":{}}],"line":39},"14":{"loc":{"start":{"line":39,"column":6},"end":{"line":39,"column":49}},"type":"binary-expr","locations":[{"start":{"line":39,"column":6},"end":{"line":39,"column":28}},{"start":{"line":39,"column":32},"end":{"line":39,"column":49}}],"line":39},"15":{"loc":{"start":{"line":42,"column":2},"end":{"line":44,"column":3}},"type":"if","locations":[{"start":{"line":42,"column":2},"end":{"line":44,"column":3}},{"start":{},"end":{}}],"line":42},"16":{"loc":{"start":{"line":42,"column":23},"end":{"line":42,"column":67}},"type":"binary-expr","locations":[{"start":{"line":42,"column":23},"end":{"line":42,"column":44}},{"start":{"line":42,"column":48},"end":{"line":42,"column":67}}],"line":42},"17":{"loc":{"start":{"line":49,"column":2},"end":{"line":49,"column":51}},"type":"if","locations":[{"start":{"line":49,"column":2},"end":{"line":49,"column":51}},{"start":{},"end":{}}],"line":49},"18":{"loc":{"start":{"line":50,"column":2},"end":{"line":50,"column":57}},"type":"if","locations":[{"start":{"line":50,"column":2},"end":{"line":50,"column":57}},{"start":{},"end":{}}],"line":50}},"s":{"0":3,"1":0,"2":3,"3":3,"4":3,"5":4,"6":0,"7":4,"8":1,"9":3,"10":0,"11":3,"12":3,"13":2,"14":1,"15":1,"16":5,"17":0,"18":5,"19":1,"20":4,"21":1,"22":3,"23":10,"24":0,"25":3,"26":7,"27":3,"28":3,"29":1,"30":2,"31":1,"32":1,"33":1,"34":1},"f":{"0":3,"1":5,"2":10,"3":7},"b":{"0":[0,3],"1":[3,3],"2":[0,4],"3":[4,4],"4":[1,3],"5":[4,4],"6":[0,3],"7":[3,3],"8":[1,1],"9":[0,5],"10":[5,5],"11":[1,4],"12":[5,5],"13":[1,3],"14":[4,4],"15":[0,3],"16":[10,10],"17":[1,2],"18":[1,1]},"_coverageSchema":"1a1c01bbd47fc00a2c39e90264f33305004495a9","hash":"92603a7acbfc39ae3fff4d7277ae580544860d7e"}
}
