TN:
SF:sum.js
FN:2,calcWeightedGrade
FN:32,percentile
FN:42,(anonymous_2)
FN:46,(anonymous_3)
FNF:4
FNH:4
FNDA:3,calcWeightedGrade
FNDA:5,percentile
FNDA:10,(anonymous_2)
FNDA:7,(anonymous_3)
DA:3,3
DA:4,0
DA:7,3
DA:8,3
DA:10,3
DA:11,4
DA:12,0
DA:14,4
DA:15,1
DA:17,3
DA:18,0
DA:20,3
DA:21,3
DA:24,2
DA:25,1
DA:28,1
DA:33,5
DA:34,0
DA:36,5
DA:37,1
DA:39,4
DA:40,1
DA:42,10
DA:43,0
DA:46,7
DA:47,3
DA:49,3
DA:50,2
DA:52,1
DA:53,1
DA:56,1
LF:31
LH:26
BRDA:3,0,0,0
BRDA:3,0,1,3
BRDA:3,1,0,3
BRDA:3,1,1,3
BRDA:11,2,0,0
BRDA:11,2,1,4
BRDA:11,3,0,4
BRDA:11,3,1,4
BRDA:14,4,0,1
BRDA:14,4,1,3
BRDA:14,5,0,4
BRDA:14,5,1,4
BRDA:17,6,0,0
BRDA:17,6,1,3
BRDA:17,7,0,3
BRDA:17,7,1,3
BRDA:24,8,0,1
BRDA:24,8,1,1
BRDA:33,9,0,0
BRDA:33,9,1,5
BRDA:33,10,0,5
BRDA:33,10,1,5
BRDA:36,11,0,1
BRDA:36,11,1,4
BRDA:36,12,0,5
BRDA:36,12,1,5
BRDA:39,13,0,1
BRDA:39,13,1,3
BRDA:39,14,0,4
BRDA:39,14,1,4
BRDA:42,15,0,0
BRDA:42,15,1,3
BRDA:42,16,0,10
BRDA:42,16,1,10
BRDA:49,17,0,1
BRDA:49,17,1,2
BRDA:50,18,0,1
BRDA:50,18,1,1
BRF:38
BRH:33
end_of_record
